<?xml version="1.0" encoding="UTF-8"?>
<coverage generated="1584076410124" clover="3.2.0">
  <project timestamp="1584076410124" name="All files">
    <metrics statements="11" coveredstatements="10" conditionals="0" coveredconditionals="0" methods="6" coveredmethods="5" elements="17" coveredelements="15" complexity="0" loc="11" ncloc="11" packages="1" files="2" classes="2">
      <file name="Search.jsx" path="/Users/vincechang/Desktop/complete-intro-to-react/js/Search.jsx">
        <metrics statements="7" coveredstatements="7" conditionals="0" coveredconditionals="0" methods="5" coveredmethods="5"/>
        <line num="21" count="3" type="stmt"/>
        <line num="23" count="3" type="stmt"/>
        <line num="28" count="3" type="stmt"/>
        <line num="39" count="1" type="stmt"/>
        <line num="48" count="4" type="stmt"/>
        <line num="70" count="60" type="stmt"/>
        <line num="74" count="47" type="stmt"/>
      </file>
      <file name="ShowCard.jsx" path="/Users/vincechang/Desktop/complete-intro-to-react/js/ShowCard.jsx">
        <metrics statements="4" coveredstatements="3" conditionals="0" coveredconditionals="0" methods="1" coveredmethods="0"/>
        <line num="9" count="1" type="stmt"/>
        <line num="18" count="1" type="stmt"/>
        <line num="24" count="1" type="stmt"/>
        <line num="25" count="0" type="stmt"/>
      </file>
    </metrics>
  </project>
</coverage>
