{"/Users/vincechang/Desktop/complete-intro-to-react/js/Search.jsx": {"path":"/Users/vincechang/Desktop/complete-intro-to-react/js/Search.jsx","statementMap":{"0":{"start":{"line":21,"column":4},"end":{"line":21,"column":17}},"1":{"start":{"line":23,"column":4},"end":{"line":25,"column":6}},"2":{"start":{"line":28,"column":4},"end":{"line":28,"column":73}},"3":{"start":{"line":39,"column":4},"end":{"line":39,"column":54}},"4":{"start":{"line":48,"column":4},"end":{"line":77,"column":6}},"5":{"start":{"line":70,"column":16},"end":{"line":72,"column":68}},"6":{"start":{"line":74,"column":25},"end":{"line":74,"column":65}}},"fnMap":{"0":{"name":"(anonymous_0)","decl":{"start":{"line":20,"column":2},"end":{"line":20,"column":3}},"loc":{"start":{"line":20,"column":21},"end":{"line":29,"column":3}},"line":20},"1":{"name":"(anonymous_1)","decl":{"start":{"line":38,"column":2},"end":{"line":38,"column":3}},"loc":{"start":{"line":38,"column":32},"end":{"line":40,"column":3}},"line":38},"2":{"name":"(anonymous_2)","decl":{"start":{"line":47,"column":2},"end":{"line":47,"column":3}},"loc":{"start":{"line":47,"column":11},"end":{"line":78,"column":3}},"line":47},"3":{"name":"(anonymous_3)","decl":{"start":{"line":69,"column":14},"end":{"line":69,"column":15}},"loc":{"start":{"line":70,"column":16},"end":{"line":72,"column":68}},"line":70},"4":{"name":"(anonymous_4)","decl":{"start":{"line":74,"column":17},"end":{"line":74,"column":18}},"loc":{"start":{"line":74,"column":25},"end":{"line":74,"column":65}},"line":74}},"branchMap":{},"s":{"0":3,"1":3,"2":3,"3":1,"4":4,"5":60,"6":47},"f":{"0":3,"1":1,"2":4,"3":60,"4":47},"b":{},"_coverageSchema":"332fd63041d2c1bcb487cc26dd0d5f7d97098a6c","hash":"c82f747641f788df9132b32645496d5ee5711db6"}
,"/Users/vincechang/Desktop/complete-intro-to-react/js/ShowCard.jsx": {"path":"/Users/vincechang/Desktop/complete-intro-to-react/js/ShowCard.jsx","statementMap":{"0":{"start":{"line":9,"column":16},"end":{"line":16,"column":3}},"1":{"start":{"line":18,"column":14},"end":{"line":22,"column":3}},"2":{"start":{"line":24,"column":17},"end":{"line":37,"column":1}},"3":{"start":{"line":25,"column":2},"end":{"line":36,"column":12}}},"fnMap":{"0":{"name":"(anonymous_0)","decl":{"start":{"line":24,"column":17},"end":{"line":24,"column":18}},"loc":{"start":{"line":25,"column":2},"end":{"line":36,"column":12}},"line":25}},"branchMap":{},"s":{"0":1,"1":1,"2":1,"3":0},"f":{"0":0},"b":{},"_coverageSchema":"332fd63041d2c1bcb487cc26dd0d5f7d97098a6c","hash":"f649d3063e2216fed52d38111c3db463755218df"}
}
