TN:
SF:/Users/vincechang/Desktop/complete-intro-to-react/js/Search.jsx
FN:20,(anonymous_0)
FN:38,(anonymous_1)
FN:47,(anonymous_2)
FN:69,(anonymous_3)
FN:74,(anonymous_4)
FNF:5
FNH:5
FNDA:3,(anonymous_0)
FNDA:1,(anonymous_1)
FNDA:4,(anonymous_2)
FNDA:60,(anonymous_3)
FNDA:47,(anonymous_4)
DA:21,3
DA:23,3
DA:28,3
DA:39,1
DA:48,4
DA:70,60
DA:74,47
LF:7
LH:7
BRF:0
BRH:0
end_of_record
TN:
SF:/Users/vincechang/Desktop/complete-intro-to-react/js/ShowCard.jsx
FN:24,(anonymous_0)
FNF:1
FNH:0
FNDA:0,(anonymous_0)
DA:9,1
DA:18,1
DA:24,1
DA:25,0
LF:4
LH:3
BRF:0
BRH:0
end_of_record
