{"/Users/vincechang/Desktop/complete-intro-to-react/js/Search.jsx": {"path":"/Users/vincechang/Desktop/complete-intro-to-react/js/Search.jsx","statementMap":{"0":{"start":{"line":24,"column":4},"end":{"line":24,"column":52}},"1":{"start":{"line":28,"column":4},"end":{"line":42,"column":6}},"2":{"start":{"line":36,"column":28},"end":{"line":37,"column":64}},"3":{"start":{"line":39,"column":25},"end":{"line":39,"column":64}}},"fnMap":{"0":{"name":"(anonymous_0)","decl":{"start":{"line":23,"column":27},"end":{"line":23,"column":28}},"loc":{"start":{"line":23,"column":38},"end":{"line":25,"column":3}},"line":23},"1":{"name":"(anonymous_1)","decl":{"start":{"line":27,"column":2},"end":{"line":27,"column":3}},"loc":{"start":{"line":27,"column":10},"end":{"line":43,"column":3}},"line":27},"2":{"name":"(anonymous_2)","decl":{"start":{"line":36,"column":20},"end":{"line":36,"column":21}},"loc":{"start":{"line":36,"column":28},"end":{"line":37,"column":64}},"line":36},"3":{"name":"(anonymous_3)","decl":{"start":{"line":39,"column":17},"end":{"line":39,"column":18}},"loc":{"start":{"line":39,"column":25},"end":{"line":39,"column":64}},"line":39}},"branchMap":{},"s":{"0":1,"1":4,"2":60,"3":47},"f":{"0":1,"1":4,"2":60,"3":47},"b":{},"_coverageSchema":"332fd63041d2c1bcb487cc26dd0d5f7d97098a6c","hash":"81cb1584e5957125d8f37b6cfecc4586367460e2"}
,"/Users/vincechang/Desktop/complete-intro-to-react/js/ShowCard.jsx": {"path":"/Users/vincechang/Desktop/complete-intro-to-react/js/ShowCard.jsx","statementMap":{"0":{"start":{"line":5,"column":16},"end":{"line":12,"column":1}},"1":{"start":{"line":14,"column":14},"end":{"line":18,"column":1}},"2":{"start":{"line":20,"column":17},"end":{"line":29,"column":1}},"3":{"start":{"line":21,"column":2},"end":{"line":28,"column":12}},"4":{"start":{"line":31,"column":0},"end":{"line":36,"column":1}}},"fnMap":{"0":{"name":"(anonymous_0)","decl":{"start":{"line":20,"column":17},"end":{"line":20,"column":18}},"loc":{"start":{"line":21,"column":2},"end":{"line":28,"column":12}},"line":21}},"branchMap":{},"s":{"0":1,"1":1,"2":1,"3":0,"4":1},"f":{"0":0},"b":{},"_coverageSchema":"332fd63041d2c1bcb487cc26dd0d5f7d97098a6c","hash":"90b07cdd7a9f532dc3592e3b741954b27db8c067"}
}
